2026-05-20T12:12:27.707Z	Initializing build environment...
2026-05-20T12:12:29.857Z	Success: Finished initializing build environment
2026-05-20T12:12:30.448Z	Cloning repository...
2026-05-20T12:12:31.917Z	Restoring from dependencies cache
2026-05-20T12:12:31.920Z	Restoring from build output cache
2026-05-20T12:12:31.923Z	Detected the following tools from environment: npm@10.9.2, nodejs@22.16.0
2026-05-20T12:12:32.035Z	Installing project dependencies: npm clean-install --progress=false
2026-05-20T12:12:35.772Z	npm warn deprecated prebuild-install@7.1.3: No longer maintained. Please contact the author of the relevant native addon; alternatives are available.
2026-05-20T12:12:37.079Z	npm warn deprecated node-domexception@1.0.0: Use your platform's native DOMException instead
2026-05-20T12:12:37.092Z	npm warn deprecated @esbuild-kit/esm-loader@2.6.5: Merged into tsx: https://tsx.is
2026-05-20T12:12:37.352Z	npm warn deprecated @esbuild-kit/core-utils@3.3.2: Merged into tsx: https://tsx.is
2026-05-20T12:12:39.154Z	npm warn deprecated glob@9.3.5: Old versions of glob are not supported, and contain widely publicized security vulnerabilities, which have been fixed in the current version. Please update. Support for old versions may be purchased (at exorbitant rates) by contacting i@izs.me
2026-05-20T12:12:56.558Z	
2026-05-20T12:12:56.559Z	added 426 packages, and audited 427 packages in 24s
2026-05-20T12:12:56.559Z	
2026-05-20T12:12:56.560Z	92 packages are looking for funding
2026-05-20T12:12:56.560Z	  run `npm fund` for details
2026-05-20T12:12:56.682Z	
2026-05-20T12:12:56.682Z	11 moderate severity vulnerabilities
2026-05-20T12:12:56.682Z	
2026-05-20T12:12:56.683Z	To address all issues (including breaking changes), run:
2026-05-20T12:12:56.683Z	  npm audit fix --force
2026-05-20T12:12:56.683Z	
2026-05-20T12:12:56.684Z	Run `npm audit` for details.
2026-05-20T12:12:56.977Z	Executing user build command: npm run cf:build
2026-05-20T12:12:57.275Z	
2026-05-20T12:12:57.276Z	> jieluxia@0.1.0 cf:build
2026-05-20T12:12:57.276Z	> opennextjs-cloudflare build
2026-05-20T12:12:57.276Z	
2026-05-20T12:12:59.239Z	
2026-05-20T12:12:59.240Z	┌─────────────────────────────┐
2026-05-20T12:12:59.240Z	│ OpenNext — Cloudflare build │
2026-05-20T12:12:59.240Z	└─────────────────────────────┘
2026-05-20T12:12:59.240Z	
2026-05-20T12:12:59.354Z	App directory: /opt/buildhome/repo
2026-05-20T12:12:59.354Z	Next.js version : 15.5.18
2026-05-20T12:12:59.356Z	@opennextjs/cloudflare version: 1.19.11
2026-05-20T12:12:59.356Z	@opennextjs/aws version: 4.0.2
2026-05-20T12:12:59.356Z	WARN workerd compatibility_date: 2024-09-23, consider updating your wrangler config to a more recent date to benefit from the latest features and fixes.
2026-05-20T12:12:59.358Z	
2026-05-20T12:12:59.358Z	┌─────────────────────────────────┐
2026-05-20T12:12:59.359Z	│ OpenNext — Building Next.js app │
2026-05-20T12:12:59.359Z	└─────────────────────────────────┘
2026-05-20T12:12:59.359Z	
2026-05-20T12:12:59.578Z	
2026-05-20T12:12:59.578Z	> jieluxia@0.1.0 build
2026-05-20T12:12:59.578Z	> next build
2026-05-20T12:12:59.579Z	
2026-05-20T12:13:00.508Z	⚠ No build cache found. Please configure build caching for faster rebuilds. Read more: https://nextjs.org/docs/messages/no-cache
2026-05-20T12:13:00.511Z	Attention: Next.js now collects completely anonymous telemetry regarding usage.
2026-05-20T12:13:00.511Z	This information is used to shape Next.js' roadmap and prioritize features.
2026-05-20T12:13:00.512Z	You can learn more, including how to opt-out if you'd not like to participate in this anonymous program, by visiting the following URL:
2026-05-20T12:13:00.512Z	https://nextjs.org/telemetry
2026-05-20T12:13:00.512Z	
2026-05-20T12:13:00.600Z	   ▲ Next.js 15.5.18
2026-05-20T12:13:00.603Z	
2026-05-20T12:13:00.703Z	   Creating an optimized production build ...
2026-05-20T12:13:14.507Z	 ✓ Compiled successfully in 10.7s
2026-05-20T12:13:14.518Z	   Linting and checking validity of types ...
2026-05-20T12:13:20.284Z	   Collecting page data ...
2026-05-20T12:13:22.151Z	   Generating static pages (0/11) ...
2026-05-20T12:13:23.222Z	   Generating static pages (2/11) 
2026-05-20T12:13:23.224Z	   Generating static pages (5/11) 
2026-05-20T12:13:23.224Z	   Generating static pages (8/11) 
2026-05-20T12:13:23.306Z	 ✓ Generating static pages (11/11)
2026-05-20T12:13:24.247Z	   Finalizing page optimization ...
2026-05-20T12:13:24.247Z	   Collecting build traces ...
2026-05-20T12:13:45.843Z	
2026-05-20T12:13:45.852Z	Route (app)                                 Size  First Load JS
2026-05-20T12:13:45.852Z	┌ ○ /                                      123 B         103 kB
2026-05-20T12:13:45.852Z	├ ○ /_not-found                            993 B         103 kB
2026-05-20T12:13:45.853Z	├ ○ /community                           2.32 kB         105 kB
2026-05-20T12:13:45.853Z	├ ○ /dashboard                           4.54 kB         107 kB
2026-05-20T12:13:45.853Z	├ ○ /login                                  2 kB         108 kB
2026-05-20T12:13:45.853Z	├ ○ /records                             2.12 kB         105 kB
2026-05-20T12:13:45.853Z	├ ○ /register                            2.09 kB         108 kB
2026-05-20T12:13:45.853Z	└ ○ /settings                            2.46 kB         105 kB
2026-05-20T12:13:45.853Z	+ First Load JS shared by all             102 kB
2026-05-20T12:13:45.853Z	  ├ chunks/255-4f84124391a7dac4.js       46.2 kB
2026-05-20T12:13:45.853Z	  ├ chunks/4bd1b696-c023c6e3521b1417.js  54.2 kB
2026-05-20T12:13:45.854Z	  └ other shared chunks (total)          1.92 kB
2026-05-20T12:13:45.854Z	
2026-05-20T12:13:45.854Z	
2026-05-20T12:13:45.854Z	ƒ Middleware                             34.2 kB
2026-05-20T12:13:45.858Z	
2026-05-20T12:13:45.858Z	○  (Static)  prerendered as static content
2026-05-20T12:13:45.858Z	
2026-05-20T12:13:45.945Z	
2026-05-20T12:13:45.946Z	┌──────────────────────────────┐
2026-05-20T12:13:45.946Z	│ OpenNext — Generating bundle │
2026-05-20T12:13:45.946Z	└──────────────────────────────┘
2026-05-20T12:13:45.946Z	
2026-05-20T12:13:46.061Z	Bundling middleware function...
2026-05-20T12:13:46.166Z	Bundling static assets...
2026-05-20T12:13:46.177Z	Bundling cache assets...
2026-05-20T12:13:46.187Z	Building server function: default...
2026-05-20T12:13:51.202Z	Applying code patches: 4.640s
2026-05-20T12:13:51.589Z	# copyPackageTemplateFiles
2026-05-20T12:13:51.592Z	⚙️ Bundling the OpenNext server...
2026-05-20T12:13:51.592Z	
2026-05-20T12:13:53.786Z	Worker saved in `.open-next/worker.js` 🚀
2026-05-20T12:13:53.791Z	
2026-05-20T12:13:53.791Z	OpenNext build complete.
2026-05-20T12:13:54.069Z	Success: Build command completed
2026-05-20T12:13:54.203Z	Executing user deploy command: npx wrangler pages deploy .open-next --project-name jieluxia
2026-05-20T12:13:55.522Z	
2026-05-20T12:13:55.522Z	 ⛅️ wrangler 4.93.0
2026-05-20T12:13:55.522Z	───────────────────
2026-05-20T12:13:55.603Z	▲ [WARNING] Pages now has wrangler.toml support.
2026-05-20T12:13:55.603Z	
2026-05-20T12:13:55.603Z	  We detected a configuration file at /opt/buildhome/repo/wrangler.toml but it is missing the "pages_build_output_dir" field, required by Pages.
2026-05-20T12:13:55.603Z	  If you would like to use this configuration file to deploy your project, please use "pages_build_output_dir" to specify the directory of static files to upload.
2026-05-20T12:13:55.603Z	  Ignoring configuration file for now, and proceeding with project deploy.
2026-05-20T12:13:55.603Z	
2026-05-20T12:13:55.604Z	
2026-05-20T12:13:55.893Z	
2026-05-20T12:13:55.903Z	✘ [ERROR] A request to the Cloudflare API (/accounts/a0ffbf25d65e436e0e06686b544a5d33/pages/projects/jieluxia) failed.
2026-05-20T12:13:55.903Z	
2026-05-20T12:13:55.903Z	  Authentication error [code: 10000]
2026-05-20T12:13:55.903Z	
2026-05-20T12:13:55.903Z	
2026-05-20T12:13:55.903Z	📎 It looks like you are authenticating Wrangler via a custom API token set in an environment variable.
2026-05-20T12:13:55.903Z	Please ensure it has the correct permissions for this operation.
2026-05-20T12:13:55.903Z	
2026-05-20T12:13:55.907Z	Getting User settings...
2026-05-20T12:13:56.347Z	👋 You are logged in with an User API Token, associated with the email jako@qq.com.
2026-05-20T12:13:56.348Z	ℹ️  The API Token is read from the CLOUDFLARE_API_TOKEN environment variable.
2026-05-20T12:13:56.354Z	┌───────────────────────┬──────────────────────────────────┐
2026-05-20T12:13:56.355Z	│ Account Name          │ Account ID                       │
2026-05-20T12:13:56.355Z	├───────────────────────┼──────────────────────────────────┤
2026-05-20T12:13:56.355Z	│ Jako@qq.com's Account │ a0ffbf25d65e436e0e06686b544a5d33 │
2026-05-20T12:13:56.355Z	└───────────────────────┴──────────────────────────────────┘
2026-05-20T12:13:56.355Z	🔓 To see token permissions visit https://dash.cloudflare.com/profile/api-tokens.
2026-05-20T12:13:56.478Z	🎢 Membership roles in "Jako@qq.com's Account": Contact account super admin to change your permissions.
2026-05-20T12:13:56.478Z	- Super Administrator - All Privileges
2026-05-20T12:13:56.483Z	🪵  Logs were written to "/opt/buildhome/.config/.wrangler/logs/wrangler-2026-05-20_12-13-55_205.log"
2026-05-20T12:13:56.531Z	Failed: error occurred while running deploy command